Determining if the pthread_create exist failed with the following output:
Change Dir: /home/miloslav/botcoco/dbbackend/CMakeFiles/CMakeTmp

Run Build Command:"/usr/bin/make" "cmTC_c6cb1/fast"
/usr/bin/make -f CMakeFiles/cmTC_c6cb1.dir/build.make CMakeFiles/cmTC_c6cb1.dir/build
make[1]: Entering directory '/home/miloslav/botcoco/dbbackend/CMakeFiles/CMakeTmp'
Building C object CMakeFiles/cmTC_c6cb1.dir/CheckSymbolExists.c.o
/usr/bin/cc    -o CMakeFiles/cmTC_c6cb1.dir/CheckSymbolExists.c.o   -c /home/miloslav/botcoco/dbbackend/CMakeFiles/CMakeTmp/CheckSymbolExists.c
Linking C executable cmTC_c6cb1
/usr/local/bin/cmake -E cmake_link_script CMakeFiles/cmTC_c6cb1.dir/link.txt --verbose=1
/usr/bin/cc      -rdynamic CMakeFiles/cmTC_c6cb1.dir/CheckSymbolExists.c.o  -o cmTC_c6cb1 
CMakeFiles/cmTC_c6cb1.dir/CheckSymbolExists.c.o: In function `main':
CheckSymbolExists.c:(.text+0x1b): undefined reference to `pthread_create'
collect2: error: ld returned 1 exit status
CMakeFiles/cmTC_c6cb1.dir/build.make:86: recipe for target 'cmTC_c6cb1' failed
make[1]: *** [cmTC_c6cb1] Error 1
make[1]: Leaving directory '/home/miloslav/botcoco/dbbackend/CMakeFiles/CMakeTmp'
Makefile:121: recipe for target 'cmTC_c6cb1/fast' failed
make: *** [cmTC_c6cb1/fast] Error 2

File /home/miloslav/botcoco/dbbackend/CMakeFiles/CMakeTmp/CheckSymbolExists.c:
/* */
#include <pthread.h>

int main(int argc, char** argv)
{
  (void)argv;
#ifndef pthread_create
  return ((int*)(&pthread_create))[argc];
#else
  (void)argc;
  return 0;
#endif
}

Determining if the function pthread_create exists in the pthreads failed with the following output:
Change Dir: /home/miloslav/botcoco/dbbackend/CMakeFiles/CMakeTmp

Run Build Command:"/usr/bin/make" "cmTC_0cf18/fast"
/usr/bin/make -f CMakeFiles/cmTC_0cf18.dir/build.make CMakeFiles/cmTC_0cf18.dir/build
make[1]: Entering directory '/home/miloslav/botcoco/dbbackend/CMakeFiles/CMakeTmp'
Building C object CMakeFiles/cmTC_0cf18.dir/CheckFunctionExists.c.o
/usr/bin/cc   -DCHECK_FUNCTION_EXISTS=pthread_create   -o CMakeFiles/cmTC_0cf18.dir/CheckFunctionExists.c.o   -c /usr/local/share/cmake-3.13/Modules/CheckFunctionExists.c
Linking C executable cmTC_0cf18
/usr/local/bin/cmake -E cmake_link_script CMakeFiles/cmTC_0cf18.dir/link.txt --verbose=1
/usr/bin/cc  -DCHECK_FUNCTION_EXISTS=pthread_create    -rdynamic CMakeFiles/cmTC_0cf18.dir/CheckFunctionExists.c.o  -o cmTC_0cf18 -lpthreads 
/usr/bin/ld: cannot find -lpthreads
collect2: error: ld returned 1 exit status
CMakeFiles/cmTC_0cf18.dir/build.make:86: recipe for target 'cmTC_0cf18' failed
make[1]: *** [cmTC_0cf18] Error 1
make[1]: Leaving directory '/home/miloslav/botcoco/dbbackend/CMakeFiles/CMakeTmp'
Makefile:121: recipe for target 'cmTC_0cf18/fast' failed
make: *** [cmTC_0cf18/fast] Error 2


Determining if the pthread_create exist failed with the following output:
Change Dir: /home/cwc-work/bot/botcoco/dbbackend/CMakeFiles/CMakeTmp

Run Build Command:"/usr/bin/make" "cmTC_e3ba0/fast"
/usr/bin/make -f CMakeFiles/cmTC_e3ba0.dir/build.make CMakeFiles/cmTC_e3ba0.dir/build
make[1]: Entering directory '/home/cwc-work/bot/botcoco/dbbackend/CMakeFiles/CMakeTmp'
Building C object CMakeFiles/cmTC_e3ba0.dir/CheckSymbolExists.c.o
/usr/bin/cc    -o CMakeFiles/cmTC_e3ba0.dir/CheckSymbolExists.c.o   -c /home/cwc-work/bot/botcoco/dbbackend/CMakeFiles/CMakeTmp/CheckSymbolExists.c
Linking C executable cmTC_e3ba0
/usr/local/bin/cmake -E cmake_link_script CMakeFiles/cmTC_e3ba0.dir/link.txt --verbose=1
/usr/bin/cc      -rdynamic CMakeFiles/cmTC_e3ba0.dir/CheckSymbolExists.c.o  -o cmTC_e3ba0 
CMakeFiles/cmTC_e3ba0.dir/CheckSymbolExists.c.o: In function `main':
CheckSymbolExists.c:(.text+0x1b): undefined reference to `pthread_create'
collect2: error: ld returned 1 exit status
CMakeFiles/cmTC_e3ba0.dir/build.make:86: recipe for target 'cmTC_e3ba0' failed
make[1]: *** [cmTC_e3ba0] Error 1
make[1]: Leaving directory '/home/cwc-work/bot/botcoco/dbbackend/CMakeFiles/CMakeTmp'
Makefile:121: recipe for target 'cmTC_e3ba0/fast' failed
make: *** [cmTC_e3ba0/fast] Error 2

File /home/cwc-work/bot/botcoco/dbbackend/CMakeFiles/CMakeTmp/CheckSymbolExists.c:
/* */
#include <pthread.h>

int main(int argc, char** argv)
{
  (void)argv;
#ifndef pthread_create
  return ((int*)(&pthread_create))[argc];
#else
  (void)argc;
  return 0;
#endif
}

Determining if the function pthread_create exists in the pthreads failed with the following output:
Change Dir: /home/cwc-work/bot/botcoco/dbbackend/CMakeFiles/CMakeTmp

Run Build Command:"/usr/bin/make" "cmTC_804f6/fast"
/usr/bin/make -f CMakeFiles/cmTC_804f6.dir/build.make CMakeFiles/cmTC_804f6.dir/build
make[1]: Entering directory '/home/cwc-work/bot/botcoco/dbbackend/CMakeFiles/CMakeTmp'
Building C object CMakeFiles/cmTC_804f6.dir/CheckFunctionExists.c.o
/usr/bin/cc   -DCHECK_FUNCTION_EXISTS=pthread_create   -o CMakeFiles/cmTC_804f6.dir/CheckFunctionExists.c.o   -c /usr/local/share/cmake-3.13/Modules/CheckFunctionExists.c
Linking C executable cmTC_804f6
/usr/local/bin/cmake -E cmake_link_script CMakeFiles/cmTC_804f6.dir/link.txt --verbose=1
/usr/bin/cc  -DCHECK_FUNCTION_EXISTS=pthread_create    -rdynamic CMakeFiles/cmTC_804f6.dir/CheckFunctionExists.c.o  -o cmTC_804f6 -lpthreads 
/usr/bin/ld: cannot find -lpthreads
collect2: error: ld returned 1 exit status
CMakeFiles/cmTC_804f6.dir/build.make:86: recipe for target 'cmTC_804f6' failed
make[1]: *** [cmTC_804f6] Error 1
make[1]: Leaving directory '/home/cwc-work/bot/botcoco/dbbackend/CMakeFiles/CMakeTmp'
Makefile:121: recipe for target 'cmTC_804f6/fast' failed
make: *** [cmTC_804f6/fast] Error 2


